{
  "childWithLocationsAndSeverities": [
    {
      "severities": [
        {
          "messageId": 475200,
          "severity": "medium",
          "date": 1550056671000
        },
        {
          "messageId": 475200,
          "severity": "medium",
          "date": 1550056671000
        },
        {
          "messageId": 478277,
          "severity": "medium",
          "date": 1550178433000
        },
        {
          "messageId": 478277,
          "severity": "medium",
          "date": 1550178433000
        },
        {
          "messageId": 478278,
          "severity": "heavy",
          "date": 1550178493000
        },
        {
          "messageId": 478278,
          "severity": "medium",
          "date": 1550178493000
        },
        {
          "messageId": 478345,
          "severity": "heavy",
          "date": 1550123754000
        },
        {
          "messageId": 478450,
          "severity": "heavy",
          "date": 1550127882000
        },
        {
          "messageId": 478453,
          "severity": "heavy",
          "date": 1550128002000
        },
        {
          "messageId": 478655,
          "severity": "heavy",
          "date": 1550137427000
        },
        {
          "messageId": 478661,
          "severity": "easy",
          "date": 1550137559000
        },
        {
          "messageId": 478665,
          "severity": "medium",
          "date": 1550138339000
        },
        {
          "messageId": 478711,
          "severity": "easy",
          "date": 1550137560000
        },
        {
          "messageId": 478715,
          "severity": "medium",
          "date": 1550138340000
        },
        {
          "messageId": 478750,
          "severity": "easy",
          "date": 1550141379000
        },
        {
          "messageId": 478756,
          "severity": "easy",
          "date": 1550142579000
        },
        {
          "messageId": 478868,
          "severity": "medium",
          "date": 1550147721000
        },
        {
          "messageId": 478869,
          "severity": "easy",
          "date": 1550147721000
        },
        {
          "messageId": 481198,
          "severity": "heavy",
          "date": 1550163968000
        },
        {
          "messageId": 481704,
          "severity": "heavy",
          "date": 1550186096000
        },
        {
          "messageId": 484192,
          "severity": "heavy",
          "date": 1550248136000
        },
        {
          "messageId": 486675,
          "severity": "heavy",
          "date": 1550329254000
        },
        {
          "messageId": 486684,
          "severity": "medium",
          "date": 1550329734000
        },
        {
          "messageId": 487599,
          "severity": "heavy",
          "date": 1550342952000
        },
        {
          "messageId": 487806,
          "severity": "easy",
          "date": 1550340914000
        },
        {
          "messageId": 487810,
          "severity": "easy",
          "date": 1550346374000
        },
        {
          "messageId": 487810,
          "severity": "easy",
          "date": 1550346374000
        },
        {
          "messageId": 487810,
          "severity": "medium",
          "date": 1550346374000
        },
        {
          "messageId": 487838,
          "severity": "heavy",
          "date": 1550346117000
        },
        {
          "messageId": 487844,
          "severity": "heavy",
          "date": 1550346477000
        },
        {
          "messageId": 487871,
          "severity": "heavy",
          "date": 1550346590000
        },
        {
          "messageId": 488020,
          "severity": "easy",
          "date": 1550346411000
        },
        {
          "messageId": 488020,
          "severity": "easy",
          "date": 1550346411000
        },
        {
          "messageId": 488020,
          "severity": "medium",
          "date": 1550346411000
        },
        {
          "messageId": 488024,
          "severity": "medium",
          "date": 1550349171000
        },
        {
          "messageId": 488025,
          "severity": "heavy",
          "date": 1550349171000
        },
        {
          "messageId": 488961,
          "severity": "heavy",
          "date": 1550395038000
        },
        {
          "messageId": 491877,
          "severity": "heavy",
          "date": 1550473158000
        },
        {
          "messageId": 492526,
          "severity": "heavy",
          "date": 1550494834000
        },
        {
          "messageId": 492529,
          "severity": "medium",
          "date": 1550494834000
        },
        {
          "messageId": 493014,
          "severity": "heavy",
          "date": 1550481452000
        },
        {
          "messageId": 493731,
          "severity": "easy",
          "date": 1550508792000
        },
        {
          "messageId": 493731,
          "severity": "easy",
          "date": 1550508792000
        },
        {
          "messageId": 493731,
          "severity": "easy",
          "date": 1550508792000
        },
        {
          "messageId": 493734,
          "severity": "medium",
          "date": 1550509092000
        },
        {
          "messageId": 493782,
          "severity": "heavy",
          "date": 1550509447000
        },
        {
          "messageId": 493783,
          "severity": "medium",
          "date": 1550509507000
        },
        {
          "messageId": 493802,
          "severity": "heavy",
          "date": 1550509164000
        },
        {
          "messageId": 494161,
          "severity": "heavy",
          "date": 1550473173000
        },
        {
          "messageId": 495406,
          "severity": "medium",
          "date": 1550562694000
        },
        {
          "messageId": 495411,
          "severity": "medium",
          "date": 1550562754000
        },
        {
          "messageId": 498777,
          "severity": "heavy",
          "date": 1550622596000
        }
      ],
      "id": 721,
      "childId": 3801,
      "birthdayDate": 1263765600000,
      "initialLocationLongitude": 35.189074,
      "initialLocationLatitude": 31.7491543
    }
  ],
  "messagesPageableData": {
    "totalElements": 43,
    "totalPages": 1,
    "pageable": {
      "sort": {
        "orders": []
      },
      "page": 0,
      "size": 8000
    },
    "numberOfElements": 43
  }
}